

> web@0.1.0 build /Users/gm/project/trip-planner/apps/web
> next build

   [1m[38;2;173;127;168m▲ Next.js 15.5.4[39m[22m
   - Environments: .env.local, .env

 [37m[1m [22m[39m Creating an optimized production build ...
 [32m[1m✓[22m[39m Compiled successfully in 1443ms
 [37m[1m [22m[39m Skipping linting
[?25l [37m[1m [22m[39m Checking validity of types  [36m.[39m[2K[1G [37m[1m [22m[39m Checking validity of types  [36m..[39m[2K[1G [37m[1m [22m[39m Checking validity of types  [36m...[39m[2K[1G [37m[1m [22m[39m Checking validity of types  [36m.[39m[2K[1G [37m[1m [22m[39m Checking validity of types  [36m..[39m[2K[1G [37m[1m [22m[39m Checking validity of types  [36m...[39m[2K[1G [37m[1m [22m[39m Checking validity of types  [36m.[39m[2K[1G [37m[1m [22m[39m Checking validity of types  [36m..[39m[2K[1G[?25h [37m[1m [22m[39m Checking validity of types     [32m[1m✓[22m[39m Checking validity of types 
[?25l [37m[1m [22m[39m Collecting page data  [36m.[39m[2K[1G [37m[1m [22m[39m Collecting page data  [36m..[39m[2K[1G[?25h [37m[1m [22m[39m Collecting page data     [32m[1m✓[22m[39m Collecting page data 
[?25l [37m[1m [22m[39m Generating static pages (0/19)  [36m[    ][39m[2K[1G [37m[1m [22m[39m Generating static pages (5/19)  [36m[=   ][39m[2K[1G[?25h [32m[1m✓[22m[39m Generating static pages (19/19)
[?25l [37m[1m [22m[39m Finalizing page optimization  [36m.[39m[?25l [37m[1m [22m[39m Collecting build traces  [36m.[39m[2K[1G [37m[1m [22m[39m Finalizing page optimization  [36m..[39m[2K[1G [37m[1m [22m[39m Collecting build traces  [36m..[39m[2K[1G [37m[1m [22m[39m Finalizing page optimization  [36m...[39m[2K[1G [37m[1m [22m[39m Collecting build traces  [36m...[39m[2K[1G [37m[1m [22m[39m Finalizing page optimization  [36m.[39m[2K[1G [37m[1m [22m[39m Collecting build traces  [36m.[39m[2K[1G [37m[1m [22m[39m Finalizing page optimization  [36m..[39m[2K[1G [37m[1m [22m[39m Collecting build traces  [36m..[39m[2K[1G [37m[1m [22m[39m Finalizing page optimization  [36m...[39m[2K[1G [37m[1m [22m[39m Collecting build traces  [36m...[39m[2K[1G [37m[1m [22m[39m Finalizing page optimization  [36m.[39m[2K[1G [37m[1m [22m[39m Collecting build traces  [36m.[39m[2K[1G [37m[1m [22m[39m Finalizing page optimization  [36m..[39m[2K[1G [37m[1m [22m[39m Collecting build traces  [36m..[39m[2K[1G [37m[1m [22m[39m Finalizing page optimization  [36m...[39m[2K[1G [37m[1m [22m[39m Collecting build traces  [36m...[39m[2K[1G [37m[1m [22m[39m Finalizing page optimization  [36m.[39m[2K[1G [37m[1m [22m[39m Collecting build traces  [36m.[39m[2K[1G [37m[1m [22m[39m Finalizing page optimization  [36m..[39m[2K[1G [37m[1m [22m[39m Collecting build traces  [36m..[39m[2K[1G [37m[1m [22m[39m Finalizing page optimization  [36m...[39m[2K[1G [37m[1m [22m[39m Collecting build traces  [36m...[39m[2K[1G [37m[1m [22m[39m Finalizing page optimization  [36m.[39m[2K[1G [37m[1m [22m[39m Collecting build traces  [36m.[39m[2K[1G[?25h [37m[1m [22m[39m Collecting build traces     [32m[1m✓[22m[39m Collecting build traces 
[2K[1G[?25h [37m[1m [22m[39m Finalizing page optimization     [32m[1m✓[22m[39m Finalizing page optimization 

[4mRoute (app)[24m                                 [4mSize[24m  [4mFirst Load JS[24m  [4m[24m  [4m[24m
┌ ƒ /                                      160 B         [37m[1m105 kB[22m[39m
├ ○ /_not-found                            989 B         [37m[1m103 kB[22m[39m
├ ƒ /api/debug-auth                        152 B         [37m[1m102 kB[22m[39m
├ ƒ /api/debug-maps                        152 B         [37m[1m102 kB[22m[39m
├ ƒ /api/debug/wishlists                   152 B         [37m[1m102 kB[22m[39m
├ ƒ /api/health                            152 B         [37m[1m102 kB[22m[39m
├ ƒ /api/health/db                         152 B         [37m[1m102 kB[22m[39m
├ ƒ /api/images/fetch-and-save             152 B         [37m[1m102 kB[22m[39m
├ ƒ /api/images/sign-url                   152 B         [37m[1m102 kB[22m[39m
├ ƒ /api/kv                                152 B         [37m[1m102 kB[22m[39m
├ ƒ /api/places/search                     152 B         [37m[1m102 kB[22m[39m
├ ƒ /api/wishlists                         152 B         [37m[1m102 kB[22m[39m
├ ƒ /api/wishlists/[placeId]               152 B         [37m[1m102 kB[22m[39m
├ ƒ /dashboard                             152 B         [37m[1m102 kB[22m[39m
├ ○ /places                                290 B         [37m[1m102 kB[22m[39m
├ ƒ /sign-in/[[...sign-in]]                393 B         [37m[1m136 kB[22m[39m
├ ƒ /sign-up/[[...sign-up]]                393 B         [37m[1m136 kB[22m[39m
├ ○ /wishlists                           11.2 kB         [37m[1m113 kB[22m[39m
├ ○ /wishlists/map                       11.2 kB         [37m[1m113 kB[22m[39m
└ ○ /wishlists/new                        4.7 kB         [37m[1m106 kB[22m[39m
+ First Load JS shared by all             [37m[1m102 kB[22m[39m
  ├ chunks/142-f4626882ef05056e.js       45.3 kB
  ├ chunks/9420b3d0-1814579faddf9aee.js  54.2 kB
  └ other shared chunks (total)             2 kB


ƒ Middleware                             [37m[1m81.4 kB[22m[39m

○  (Static)   prerendered as static content
ƒ  (Dynamic)  server-rendered on demand

[?25h
